20260321_193734 | job_report_test | EXECUTION STARTED
20260321_193734 | job_report_test | FOUND FILE: data.txt | TYPE: .txt
20260321_193734 | job_report_test | FOUND FILE: file1.txt | TYPE: .txt
20260321_193734 | job_report_test | FOUND FILE: file2.jpg | TYPE: .jpg
20260321_193734 | job_report_test | FOUND FILE: file3.pdf | TYPE: .pdf
20260321_193734 | job_report_test | STEP 1 EXECUTED: 1. Scan folder
20260321_193735 | job_report_test | TYPE GROUP: .txt | COUNT: 2
20260321_193735 | job_report_test | TYPE GROUP: .jpg | COUNT: 1
20260321_193735 | job_report_test | TYPE GROUP: .pdf | COUNT: 1
20260321_193735 | job_report_test | STEP 2 EXECUTED: 2. Identify file types
20260321_193735 | job_report_test | REPORT CREATED: C:\WorkEngine\output\report.txt
20260321_193735 | job_report_test | STEP 3 EXECUTED: 3. Create report
20260321_193735 | job_report_test | OUTPUT CREATED
20260321_193735 | job_report_test | REPORT CREATED: C:\WorkEngine\output\report.txt
20260321_193735 | job_report_test | REPORT CREATED: C:\WorkEngine\output\report.txt
20260321_193735 | job_report_test | REPORT CREATED: C:\WorkEngine\output\report.txt
20260321_193735 | job_report_test | REPORT CREATED: C:\WorkEngine\output\report.txt
20260321_193735 | job_report_test | ENHANCED LEARNING STORED
20260321_193735 | job_report_test | JOB COMPLETED + MOVED
20260321_193735 | job_report_test | SCORING COMPLETE
20260321_193735 | job_report_test | MEMORY STORED
